===============================================================================


██╗  ██╗███████╗██╗███████╗███████╗███╗   ██╗██████╗ ███████╗██████╗  ██████╗
██║  ██║██╔════╝██║██╔════╝██╔════╝████╗  ██║██╔══██╗██╔════╝██╔══██╗██╔════╝
███████║█████╗  ██║███████╗█████╗  ██╔██╗ ██║██████╔╝█████╗  ██████╔╝██║  ███╗
██╔══██║██╔══╝  ██║╚════██║██╔══╝  ██║╚██╗██║██╔══██╗██╔══╝  ██╔══██╗██║   ██║
██║  ██║███████╗██║███████║███████╗██║ ╚████║██████╔╝███████╗██║  ██║╚██████╔╝
╚═╝  ╚═╝╚══════╝╚═╝╚══════╝╚══════╝╚═╝  ╚═══╝╚═════╝ ╚══════╝╚═╝  ╚═╝ ╚═════╝

A program to calculate the total position spread tensor using a Heisenberg
model hamiltonian.

This program has been written by Muammar El Khatib and Edoardo Fertitta.
===============================================================================

           Number of electrons: 4
              Number of states: 2
                            Ms: 0
     Configurations for Ms = 0: 6
Total number of configurations: 16

-------------------------------------------------------------------------------
                        Heisenberg hamiltonian matrix
--------------------------------------------------------------------------------

Dimension Ĥ matrix is: 6x6

[[ 0.5  1.   0.   0.   0.   0. ]
 [ 1.  -1.5  1.   1.   0.   0. ]
 [ 0.   1.  -0.5  0.   1.   0. ]
 [ 0.   1.   0.  -0.5  1.   0. ]
 [ 0.   0.   1.   1.  -1.5  1. ]
 [ 0.   0.   0.   0.   1.   0.5]]
-------------------------------------------------------------------------------


State vector configurations:

[(1, 1, 0, 0), (1, 0, 1, 0), (1, 0, 0, 1), (0, 1, 1, 0), (0, 1, 0, 1), (0, 0, 1, 1)]

Results for STATE 1: 
Eigenvalue= -3.23205080757
Configuration:
Corresponding state vector:
[-0.14942925  0.55767754 -0.40824829 -0.40824829  0.55767754 -0.14942925]
Λ(αα) contribution = 0.800641262882

Results for STATE 2: 
Eigenvalue= -1.91421356237
Configuration:
Corresponding state vector:
[ 0.27059805 -0.65328148 -0.         -0.          0.65328148 -0.27059805]
Λ(αα) contribution = 1.43933982822

